<?xml version="1.0" encoding="UTF-8"?>
<!-- Generated by org.testng.reporters.JUnitXMLReporter -->
<testsuite ignored="0" hostname="DESKTOP-U6C0UKJ" failures="0" tests="3" name="Default test" time="0.043" errors="0" timestamp="2023-03-30T14:51:57 EDT">
  <testcase classname="test.Parameterization" name="mobileSigOutCarLoan" time="0.005"/>
  <testcase classname="test.Parameterization" name="mobileSigOutCarLoan" time="0.001"/>
  <testcase classname="test.Parameterization" name="mobileSigOutCarLoan" time="0.001"/>
</testsuite> <!-- Default test -->
